C:\USERS\EFRAIN ASTUDILLO\DOCUMENTS\VISUAL STUDIO 2010\PROJECTS\BONES\BONES\DEBUG\BONES.EXE.EMBED.MANIFEST
C:\USERS\EFRAIN ASTUDILLO\DOCUMENTS\VISUAL STUDIO 2010\PROJECTS\BONES\BONES\DEBUG\BONES.EXE.EMBED.MANIFEST.RES
C:\USERS\EFRAIN ASTUDILLO\DOCUMENTS\VISUAL STUDIO 2010\PROJECTS\BONES\BONES\DEBUG\BONES.EXE.INTERMEDIATE.MANIFEST
C:\Users\Efrain Astudillo\documents\visual studio 2010\Projects\Bones\Bones\Debug\Bones_manifest.rc
C:\USERS\EFRAIN ASTUDILLO\DOCUMENTS\VISUAL STUDIO 2010\PROJECTS\BONES\BONES\DEBUG\BONEUTILITY.OBJ
C:\Users\Efrain Astudillo\documents\visual studio 2010\Projects\Bones\Bones\Debug\cl.command.1.tlog
C:\Users\Efrain Astudillo\documents\visual studio 2010\Projects\Bones\Bones\Debug\CL.read.1.tlog
C:\Users\Efrain Astudillo\documents\visual studio 2010\Projects\Bones\Bones\Debug\CL.write.1.tlog
C:\Users\Efrain Astudillo\documents\visual studio 2010\Projects\Bones\Bones\Debug\link.2016.read.1.tlog
C:\Users\Efrain Astudillo\documents\visual studio 2010\Projects\Bones\Bones\Debug\link.2016.write.1.tlog
C:\Users\Efrain Astudillo\documents\visual studio 2010\Projects\Bones\Bones\Debug\link.2016-cvtres.read.1.tlog
C:\Users\Efrain Astudillo\documents\visual studio 2010\Projects\Bones\Bones\Debug\link.2016-cvtres.write.1.tlog
C:\Users\Efrain Astudillo\documents\visual studio 2010\Projects\Bones\Bones\Debug\link.4352.read.1.tlog
C:\Users\Efrain Astudillo\documents\visual studio 2010\Projects\Bones\Bones\Debug\link.4352.write.1.tlog
C:\Users\Efrain Astudillo\documents\visual studio 2010\Projects\Bones\Bones\Debug\link.4352-cvtres.read.1.tlog
C:\Users\Efrain Astudillo\documents\visual studio 2010\Projects\Bones\Bones\Debug\link.4352-cvtres.write.1.tlog
C:\Users\Efrain Astudillo\documents\visual studio 2010\Projects\Bones\Bones\Debug\link.7608.read.1.tlog
C:\Users\Efrain Astudillo\documents\visual studio 2010\Projects\Bones\Bones\Debug\link.7608.write.1.tlog
C:\Users\Efrain Astudillo\documents\visual studio 2010\Projects\Bones\Bones\Debug\link.7608-cvtres.read.1.tlog
C:\Users\Efrain Astudillo\documents\visual studio 2010\Projects\Bones\Bones\Debug\link.7608-cvtres.write.1.tlog
C:\Users\Efrain Astudillo\documents\visual studio 2010\Projects\Bones\Bones\Debug\link.command.1.tlog
C:\Users\Efrain Astudillo\documents\visual studio 2010\Projects\Bones\Bones\Debug\link.read.1.tlog
C:\Users\Efrain Astudillo\documents\visual studio 2010\Projects\Bones\Bones\Debug\link.write.1.tlog
C:\Users\Efrain Astudillo\documents\visual studio 2010\Projects\Bones\Bones\Debug\link-cvtres.read.1.tlog
C:\Users\Efrain Astudillo\documents\visual studio 2010\Projects\Bones\Bones\Debug\link-cvtres.write.1.tlog
C:\USERS\EFRAIN ASTUDILLO\DOCUMENTS\VISUAL STUDIO 2010\PROJECTS\BONES\BONES\DEBUG\MAIN.OBJ
C:\Users\Efrain Astudillo\documents\visual studio 2010\Projects\Bones\Bones\Debug\mt.command.1.tlog
C:\Users\Efrain Astudillo\documents\visual studio 2010\Projects\Bones\Bones\Debug\mt.read.1.tlog
C:\Users\Efrain Astudillo\documents\visual studio 2010\Projects\Bones\Bones\Debug\mt.write.1.tlog
C:\Users\Efrain Astudillo\documents\visual studio 2010\Projects\Bones\Bones\Debug\rc.command.1.tlog
C:\Users\Efrain Astudillo\documents\visual studio 2010\Projects\Bones\Bones\Debug\rc.read.1.tlog
C:\Users\Efrain Astudillo\documents\visual studio 2010\Projects\Bones\Bones\Debug\rc.write.1.tlog
C:\Users\Efrain Astudillo\documents\visual studio 2010\Projects\Bones\Bones\Debug\vc100.idb
C:\USERS\EFRAIN ASTUDILLO\DOCUMENTS\VISUAL STUDIO 2010\PROJECTS\BONES\BONES\DEBUG\VC100.PDB
C:\USERS\EFRAIN ASTUDILLO\DOCUMENTS\VISUAL STUDIO 2010\PROJECTS\BONES\DEBUG\BONES.EXE
C:\USERS\EFRAIN ASTUDILLO\DOCUMENTS\VISUAL STUDIO 2010\PROJECTS\BONES\DEBUG\BONES.ILK
C:\USERS\EFRAIN ASTUDILLO\DOCUMENTS\VISUAL STUDIO 2010\PROJECTS\BONES\DEBUG\BONES.PDB
